<?xml version="1.0" encoding="UTF-8"?>
<!-- Generated by org.testng.reporters.JUnitReportReporter -->
<testsuite skipped="0" hostname="DESKTOP-JP52KVH" name="Testcase.GoogleTestcase" tests="2" failures="0" timestamp="28 Apr 2020 14:41:11 GMT" time="22.846" errors="0">
  <testcase name="LaunchChromeDriver" time="12.108" classname="Testcase.GoogleTestcase"/>
  <testcase name="ChromeDriverLaunch" time="10.738" classname="Testcase.GoogleTestcase"/>
</testsuite> <!-- Testcase.GoogleTestcase -->
