<?xml version="1.0" encoding="UTF-8"?>
<!-- Generated by org.testng.reporters.JUnitReportReporter -->
<testsuite skipped="0" hostname="DESKTOP-JP52KVH" name="Testcase.GoogleTestcase" tests="2" failures="0" timestamp="05 Jun 2021 02:45:39 GMT" time="25.498" errors="0">
  <testcase name="LaunchChromeDriver" time="13.857" classname="Testcase.GoogleTestcase"/>
  <testcase name="ChromeDriverLaunch" time="11.641" classname="Testcase.GoogleTestcase"/>
</testsuite> <!-- Testcase.GoogleTestcase -->
