<?xml version="1.0" encoding="UTF-8"?>
<!-- Generated by org.testng.reporters.JUnitReportReporter -->
<testsuite hostname="DESKTOP-2A8K48S" failures="0" tests="2" name="Testcase.GoogleTestcase" time="34.616" errors="0" timestamp="10 Sep 2022 03:59:52 GMT" skipped="0">
  <testcase classname="Testcase.GoogleTestcase" name="LaunchChromeDriver" time="15.531"/>
  <testcase classname="Testcase.GoogleTestcase" name="ChromeDriverLaunch" time="19.085"/>
</testsuite> <!-- Testcase.GoogleTestcase -->
